INICIO ********************************************
----------------------------------------------------
Limpieza de archivos 04/04/2019 - 11.55.53
----------------------------------------------------
CLEAN_ROOT: C:\inetpub\wwwroot\ACE\M
CLEAN_DAYS: 5
----------------------------------------------------
## --> Archivo --> Fecha creación --> Días transcurridos --> Mensaje
01 --> 04.04.2019-09.23.57 --> 04/04/2019 --> 0 --> No se elimino
02 --> 28.03.2019-10.35.47 --> 28/03/2019 --> 7 --> ERROR al eliminar
FIN    ********************************************

INICIO ********************************************
----------------------------------------------------
Limpieza de archivos 04/04/2019 - 12.01.38
----------------------------------------------------
CLEAN_ROOT: C:\inetpub\wwwroot\ACE\M
CLEAN_DAYS: 5
----------------------------------------------------
## --> Archivo --> Fecha creación --> Días transcurridos --> Mensaje
01 --> 04.04.2019-09.23.57 --> 04/04/2019 --> 0 --> No se elimino
02 --> 28.03.2019-10.35.47 --> 28/03/2019 --> 7 --> ERROR al eliminar
FIN    ********************************************

INICIO ********************************************
----------------------------------------------------
Limpieza de archivos 04/04/2019 - 12.09.26
----------------------------------------------------
CLEAN_ROOT: C:\inetpub\wwwroot\ACE\M
CLEAN_DAYS: 5
----------------------------------------------------
## --> Archivo --> Fecha creación --> Días transcurridos --> Tamaño --> Mensaje
01 --> 04.04.2019-09.23.57 --> 04/04/2019 --> 998231748608 --> 0 --> No se elimino
02 --> 28.03.2019-10.35.47 --> 28/03/2019 --> 998231748608 --> 7 --> ERROR al eliminar
FIN    ********************************************

INICIO ********************************************
----------------------------------------------------
Limpieza de archivos 04/04/2019 - 12.10.27
----------------------------------------------------
CLEAN_ROOT: C:\inetpub\wwwroot\ACE\M
CLEAN_DAYS: 5
----------------------------------------------------
## --> Archivo --> Fecha creación --> Tamaño --> Días transcurridos --> Mensaje
01 --> 04.04.2019-09.23.57 --> 04/04/2019 --> 998231748608 --> 0 --> No se elimino
02 --> 28.03.2019-10.35.47 --> 28/03/2019 --> 998231748608 --> 7 --> ERROR al eliminar
FIN    ********************************************

INICIO ********************************************
----------------------------------------------------
Limpieza de archivos 04/04/2019 - 12.11.26
----------------------------------------------------
CLEAN_ROOT: C:\inetpub\wwwroot\ACE\M
CLEAN_DAYS: 5
----------------------------------------------------
## --> Archivo --> Fecha creación --> Tamaño --> Días transcurridos --> Mensaje
01 --> 04.04.2019-09.23.57 --> 04/04/2019 --> 124778968576 --> 0 --> No se elimino
02 --> 28.03.2019-10.35.47 --> 28/03/2019 --> 124778968576 --> 7 --> ERROR al eliminar
FIN    ********************************************

INICIO ********************************************
----------------------------------------------------
Limpieza de archivos 04/04/2019 - 12.11.44
----------------------------------------------------
CLEAN_ROOT: C:\inetpub\wwwroot\ACE\M
CLEAN_DAYS: 5
----------------------------------------------------
## --> Archivo --> Fecha creación --> Tamaño --> Días transcurridos --> Mensaje
01 --> 04.04.2019-09.23.57 --> 04/04/2019 --> 974835692 --> 0 --> No se elimino
02 --> 28.03.2019-10.35.47 --> 28/03/2019 --> 974835692 --> 7 --> ERROR al eliminar
FIN    ********************************************

INICIO ********************************************
----------------------------------------------------
Limpieza de archivos 04/04/2019 - 12.12.36
----------------------------------------------------
CLEAN_ROOT: C:\inetpub\wwwroot\ACE\M
CLEAN_DAYS: 5
----------------------------------------------------
## --> Archivo --> Fecha creación --> Tamaño --> Días transcurridos --> Mensaje
01 --> 04.04.2019-09.23.57 --> 04/04/2019 --> true --> 0 --> No se elimino
02 --> 28.03.2019-10.35.47 --> 28/03/2019 --> true --> 7 --> ERROR al eliminar
FIN    ********************************************

INICIO ********************************************
----------------------------------------------------
Limpieza de archivos 04/04/2019 - 12.13.22
----------------------------------------------------
CLEAN_ROOT: C:\inetpub\wwwroot\ACE\M
CLEAN_DAYS: 5
----------------------------------------------------
## --> Archivo --> Fecha creación --> Tamaño --> Días transcurridos --> Mensaje
01 --> 04.04.2019-09.23.57 --> 04/04/2019 --> true --> 0 --> No se elimino
02 --> 28.03.2019-10.35.47 --> 28/03/2019 --> true --> 7 --> ERROR al eliminar
FIN    ********************************************

INICIO ********************************************
----------------------------------------------------
Limpieza de archivos 04/04/2019 - 12.14.56
----------------------------------------------------
CLEAN_ROOT: C:\inetpub\wwwroot\ACE\M
CLEAN_DAYS: 5
----------------------------------------------------
## --> Archivo --> Fecha creación --> Tamaño --> Días transcurridos --> Mensaje
01 --> 04.04.2019-09.23.57 --> 04/04/2019 --> false --> 0 --> No se elimino
02 --> 28.03.2019-10.35.47 --> 28/03/2019 --> false --> 7 --> ERROR al eliminar
FIN    ********************************************

INICIO ********************************************
----------------------------------------------------
Limpieza de archivos 04/04/2019 - 13.10.51
----------------------------------------------------
CLEAN_ROOT: C:\inetpub\wwwroot\ACE\M
CLEAN_DAYS: 5
----------------------------------------------------
## --> Archivo --> Fecha creación --> Días transcurridos --> Mensaje
01 --> 04.04.2019-09.23.57 --> 04/04/2019 --> 0 --> No se elimino
02 --> 28.03.2019-10.35.47 --> 28/03/2019 --> 7 --> ERROR al eliminar
FIN    ********************************************

INICIO ********************************************
----------------------------------------------------
Limpieza de archivos 04/04/2019 - 14.12.24
----------------------------------------------------
CLEAN_ROOT: C:\inetpub\wwwroot\ACE\M
CLEAN_DAYS: 5
----------------------------------------------------
## --> Archivo --> Fecha creación --> Días transcurridos --> Mensaje
01 --> 04.04.2019-09.23.57 --> 04/04/2019 --> 0 --> No se elimino
02 --> 28.03.2019-10.35.47 --> 28/03/2019 --> 7 --> ERROR al eliminar
FIN    ********************************************

INICIO ********************************************
----------------------------------------------------
Limpieza de archivos 04/04/2019 - 14.20.54
----------------------------------------------------
CLEAN_ROOT: C:\inetpub\wwwroot\ACE\M
CLEAN_DAYS: 5
----------------------------------------------------
## --> Archivo --> Fecha creación --> Días transcurridos --> Mensaje
01 --> 04.04.2019-09.23.57 --> 04/04/2019 --> 0 --> No se elimino
02 --> 28.03.2019-10.35.47 --> 28/03/2019 --> 7 --> ERROR al eliminar
FIN    ********************************************

INICIO ********************************************
----------------------------------------------------
Limpieza de archivos 05/04/2019 - 09.53.43
----------------------------------------------------
CLEAN_ROOT: C:\inetpub\wwwroot\ACE\M
CLEAN_DAYS: 5
----------------------------------------------------
## --> Archivo --> Fecha creación --> Días transcurridos --> Mensaje
01 --> 04.04.2019-09.23.57 --> 04/04/2019 --> 1 --> No se elimino
02 --> 28.03.2019-10.35.47 --> 28/03/2019 --> 8 --> ERROR al eliminar
FIN    ********************************************

INICIO ********************************************
----------------------------------------------------
Limpieza de archivos 05/04/2019 - 09.56.09
----------------------------------------------------
CLEAN_ROOT: C:UsersefmartinezDesktopH
CLEAN_DAYS: 10
----------------------------------------------------
Error la propiedad CLEAN_ROOT: C:UsersefmartinezDesktopH no es un directorio valído.
FIN    ********************************************

INICIO ********************************************
----------------------------------------------------
Limpieza de archivos 05/04/2019 - 09.56.41
----------------------------------------------------
CLEAN_ROOT: C:\Users\efmartinez\Desktop\H
CLEAN_DAYS: 10
----------------------------------------------------
## --> Archivo --> Fecha creación --> Días transcurridos --> Mensaje
01 --> 28.03.2019-09.52.42 --> 28/03/2019 --> 8 --> No se elimino
02 --> HorarioEnvioAutomatico.ods --> 05/04/2019 --> 0 --> No se elimino
FIN    ********************************************

INICIO ********************************************
----------------------------------------------------
Limpieza de archivos 05/04/2019 - 09.56.54
----------------------------------------------------
CLEAN_ROOT: C:\Users\efmartinez\Desktop\H
CLEAN_DAYS: 5
----------------------------------------------------
## --> Archivo --> Fecha creación --> Días transcurridos --> Mensaje
01 --> 28.03.2019-09.52.42 --> 28/03/2019 --> 8 --> ERROR al eliminar
02 --> HorarioEnvioAutomatico.ods --> 05/04/2019 --> 0 --> No se elimino
FIN    ********************************************

INICIO ********************************************
----------------------------------------------------
Limpieza de archivos 05/04/2019 - 09.57.23
----------------------------------------------------
CLEAN_ROOT: C:\inetpub\wwwroot\ACE\M
CLEAN_DAYS: 5
----------------------------------------------------
## --> Archivo --> Fecha creación --> Días transcurridos --> Mensaje
01 --> 04.04.2019-09.23.57 --> 04/04/2019 --> 1 --> No se elimino
02 --> 28.03.2019-10.35.47 --> 28/03/2019 --> 8 --> ERROR al eliminar
FIN    ********************************************

INICIO ********************************************
----------------------------------------------------
Limpieza de archivos 05/04/2019 - 10.07.48
----------------------------------------------------
CLEAN_ROOT: C:\inetpub\wwwroot\ACE\M
CLEAN_DAYS: 5
----------------------------------------------------
## --> Archivo --> Fecha creación --> Días transcurridos --> Mensaje
01 --> 04.04.2019-09.23.57 --> 04/04/2019 --> 1 --> No se elimino
02 --> 28.03.2019-10.35.47 --> 28/03/2019 --> 8 --> ERROR al eliminar
FIN    ********************************************

INICIO ********************************************
----------------------------------------------------
Limpieza de archivos 05/04/2019 - 10.42.01
----------------------------------------------------
CLEAN_ROOT: C:\inetpub\wwwroot\ACE\M
CLEAN_DAYS: 5
----------------------------------------------------
## --> Archivo --> Fecha creación --> Días transcurridos --> Mensaje
01 --> 04.04.2019-09.23.57 --> 04/04/2019 --> 1 --> No se elimino
02 --> 28.03.2019-10.35.47 --> 28/03/2019 --> 8 --> ERROR al eliminar
FIN    ********************************************

INICIO ********************************************
----------------------------------------------------
Limpieza de archivos 05/04/2019 - 10.52.31
----------------------------------------------------
CLEAN_ROOT: C:\inetpub\wwwroot\ACE\M
CLEAN_DAYS: 5
----------------------------------------------------
## --> Archivo --> Fecha creación --> Días transcurridos --> Mensaje
01 --> 04.04.2019-09.23.57 --> 04/04/2019 --> 1 --> No se elimino
02 --> 28.03.2019-10.35.47 --> 28/03/2019 --> 8 --> Eliminado
03 --> App.log --> 28/03/2019 --> 8 --> Eliminado
04 --> R1 --> 28/03/2019 --> 8 --> ERROR al eliminar
FIN    ********************************************

INICIO ********************************************
----------------------------------------------------
Limpieza de archivos 05/04/2019 - 10.53.55
----------------------------------------------------
CLEAN_ROOT: C:\inetpub\wwwroot\ACE\M
CLEAN_DAYS: 5
----------------------------------------------------
## --> Archivo --> Fecha creación --> Días transcurridos --> Mensaje
01 --> 04.04.2019-09.23.57 --> 04/04/2019 --> 1 --> No se elimino
02 --> App.log --> 04/04/2019 --> 1 --> No se elimino
03 --> c_temp_out_Pagos000007152_S001_20190306-20190328.log --> 28/03/2019 --> 8 --> Eliminado
04 --> R1 --> 28/03/2019 --> 8 --> Eliminado
05 --> R4 --> 04/04/2019 --> 1 --> No se elimino
06 --> R5 --> 04/04/2019 --> 1 --> No se elimino
07 --> R6 --> 04/04/2019 --> 1 --> No se elimino
08 --> R7 --> 04/04/2019 --> 1 --> No se elimino
09 --> R8 --> 04/04/2019 --> 1 --> No se elimino
FIN    ********************************************

INICIO ********************************************
----------------------------------------------------
Limpieza de archivos 05/04/2019 - 11.25.49
----------------------------------------------------
CLEAN_ROOT: C:\Users\efmartinez\Desktop\H
CLEAN_DAYS: 2
----------------------------------------------------
## --> Archivo --> Fecha creación --> Días transcurridos --> Mensaje
01 --> 03.04.2019-14.16.41 --> 03/04/2019 --> 2 --> No se elimino
02 --> 28.03.2019-09.52.42 --> 28/03/2019 --> 8 --> 
03 --> HorarioEnvioAutomatico.ods --> 05/04/2019 --> 0 --> No se elimino
FIN    ********************************************

INICIO ********************************************
----------------------------------------------------
Limpieza de archivos 05/04/2019 - 11.28.02
----------------------------------------------------
CLEAN_ROOT: C:\Users\efmartinez\Desktop\H
CLEAN_DAYS: 2
----------------------------------------------------
## --> Archivo --> Fecha creación --> Días transcurridos --> Mensaje
01 --> 03.04.2019-14.16.41 --> 03/04/2019 --> 2 --> No se elimino
02 --> HorarioEnvioAutomatico.ods --> 05/04/2019 --> 0 --> No se elimino
FIN    ********************************************

INICIO ********************************************
----------------------------------------------------
Limpieza de archivos 05/04/2019 - 11.31.27
----------------------------------------------------
CLEAN_ROOT: C:\Users\efmartinez\Desktop\H
CLEAN_DAYS: 1
----------------------------------------------------
## --> Archivo --> Fecha creación --> Días transcurridos --> Mensaje
Elimino: C:\Users\efmartinez\Desktop\H\03.04.2019-14.16.41\App.log
Elimino: C:\Users\efmartinez\Desktop\H\03.04.2019-14.16.41\R1\c_temp_out_Pagos001289091_S001_20190301-20190331.log
Elimino: C:\Users\efmartinez\Desktop\H\03.04.2019-14.16.41\R1\c_temp_out_Pagos001289091_S001_20190301-20190331.xlsx
Elimino: C:\Users\efmartinez\Desktop\H\03.04.2019-14.16.41\R1\c_temp_out_Pagos001289091_S002_20190301-20190331.log
Elimino: C:\Users\efmartinez\Desktop\H\03.04.2019-14.16.41\R1\c_temp_out_Pagos001289091_S002_20190301-20190331.xlsx
Elimino: C:\Users\efmartinez\Desktop\H\03.04.2019-14.16.41\R1
Elimino: C:\Users\efmartinez\Desktop\H\03.04.2019-14.16.41
01 --> 03.04.2019-14.16.41 --> 03/04/2019 --> 2 --> Eliminado
02 --> HorarioEnvioAutomatico.ods --> 05/04/2019 --> 0 --> No se elimino
FIN    ********************************************

